<?xml version="1.0" encoding="UTF-8"?>
<!-- Generated by org.testng.reporters.JUnitReportReporter -->
<testsuite skipped="1" hostname="LAPTOP-DPGT6E53" name="qsp.DemoTestNGGroup" tests="5" failures="0" timestamp="15 Jan 2019 08:21:03 GMT" time="0.013" errors="0">
  <testcase name="createUser" time="0.009" classname="qsp.DemoTestNGGroup"/>
  <testcase name="deleteUser" time="0.002" classname="qsp.DemoTestNGGroup"/>
  <testcase name="createProduct" time="0.001" classname="qsp.DemoTestNGGroup"/>
  <testcase name="deleteProduct" time="0.001" classname="qsp.DemoTestNGGroup"/>
  <testcase name="editUser" classname="qsp.DemoTestNGGroup">
    <skipped/>
  </testcase> <!-- editUser -->
</testsuite> <!-- qsp.DemoTestNGGroup -->
