<?xml version="1.0" encoding="UTF-8"?>
<!-- Generated by org.testng.reporters.JUnitReportReporter -->
<testsuite skipped="0" hostname="LAPTOP-DPGT6E53" name="qsp.DemoParametre" tests="1" failures="0" timestamp="11 Jan 2019 16:08:23 GMT" time="0.021" errors="0">
  <testcase name="testA" time="0.021" classname="qsp.DemoParametre"/>
</testsuite> <!-- qsp.DemoParametre -->
