<?xml version="1.0" encoding="UTF-8"?>
<!-- Generated by org.testng.reporters.JUnitReportReporter -->
<testsuite skipped="0" hostname="LAPTOP-DPGT6E53" name="qsp.Group" tests="2" failures="0" timestamp="11 Jan 2019 11:03:47 GMT" time="0.019" errors="0">
  <testcase name="abc4" time="0.016" classname="qsp.Group"/>
  <testcase name="abc6" time="0.003" classname="qsp.Group"/>
</testsuite> <!-- qsp.Group -->
