<?xml version="1.0" encoding="UTF-8"?>
<!-- Generated by org.testng.reporters.JUnitReportReporter -->
<testsuite skipped="0" hostname="LAPTOP-DPGT6E53" name="qsp.Demo2" tests="2" failures="0" timestamp="11 Jan 2019 10:44:59 GMT" time="0.024" errors="0">
  <testcase name="abc4" time="0.013" classname="qsp.Demo2"/>
  <testcase name="abc3" time="0.011" classname="qsp.Demo2"/>
</testsuite> <!-- qsp.Demo2 -->
